
> wedsync@0.1.0 build
> next build

   ▲ Next.js 15.4.6
   - Environments: .env.local
   - Experiments (use with caution):
     ✓ optimizeCss
     ✓ reactCompiler

   Creating an optimized production build ...
 ✓ Compiled successfully in 6.0s
   Skipping validation of types
   Skipping linting
   Collecting page data ...
Generated new encryption key. Set FILE_ENCRYPTION_KEY env variable: ae5716fcb4c8e0300305be96e16366eb750abceb6fd3a529af13f2b35f8ad97a
Twilio credentials not configured
Twilio credentials not configured
Twilio credentials not configured
Missing Stripe price IDs: [
  'STRIPE_PROFESSIONAL_MONTHLY_PRICE_ID',
  'STRIPE_PROFESSIONAL_ANNUAL_PRICE_ID',
  'STRIPE_BUSINESS_MONTHLY_PRICE_ID',
  'STRIPE_BUSINESS_ANNUAL_PRICE_ID'
]
Using test mode - configure these in .env for production
Warning: Please use the `legacy` build in Node.js environments.
(node:29237) MetadataLookupWarning: received unexpected error = All promises were rejected code = UNKNOWN
(Use `node --trace-warnings ...` to show where the warning was created)
   Generating static pages (0/48) ...
Error occurred prerendering page "/404". Read more: https://nextjs.org/docs/messages/prerender-error
[Error: Cannot find module 'critters'
Require stack:
- /Users/skyphotography/CODE/WedSync-2.0/WedSync2/wedsync/node_modules/next/dist/compiled/next-server/pages.runtime.prod.js
- /Users/skyphotography/CODE/WedSync-2.0/WedSync2/wedsync/.next/server/pages/_document.js
- /Users/skyphotography/CODE/WedSync-2.0/WedSync2/wedsync/node_modules/next/dist/server/require.js
- /Users/skyphotography/CODE/WedSync-2.0/WedSync2/wedsync/node_modules/next/dist/server/load-components.js
- /Users/skyphotography/CODE/WedSync-2.0/WedSync2/wedsync/node_modules/next/dist/build/utils.js
- /Users/skyphotography/CODE/WedSync-2.0/WedSync2/wedsync/node_modules/next/dist/build/worker.js
- /Users/skyphotography/CODE/WedSync-2.0/WedSync2/wedsync/node_modules/next/dist/compiled/jest-worker/processChild.js] {
  code: 'MODULE_NOT_FOUND',
  requireStack: [Array]
}
Export encountered an error on /_error: /404, exiting the build.
 ⨯ Next.js build worker exited with code: 1 and signal: null
