2025-09-11 10:27:37,301 INFO o.a.j.u.JMeterUtils: Setting Locale to en_EN
2025-09-11 10:27:37,315 INFO o.a.j.JMeter: Loading user properties from: /opt/homebrew/Cellar/jmeter/5.6.3/libexec/bin/user.properties
2025-09-11 10:27:37,316 INFO o.a.j.JMeter: Loading system properties from: /opt/homebrew/Cellar/jmeter/5.6.3/libexec/bin/system.properties
2025-09-11 10:27:37,319 INFO o.a.j.JMeter: Copyright (c) 1998-2024 The Apache Software Foundation
2025-09-11 10:27:37,319 INFO o.a.j.JMeter: Version 5.6.3
2025-09-11 10:27:37,319 INFO o.a.j.JMeter: java.version=21.0.8
2025-09-11 10:27:37,319 INFO o.a.j.JMeter: java.vm.name=OpenJDK 64-Bit Server VM
2025-09-11 10:27:37,319 INFO o.a.j.JMeter: os.name=Mac OS X
2025-09-11 10:27:37,319 INFO o.a.j.JMeter: os.arch=aarch64
2025-09-11 10:27:37,319 INFO o.a.j.JMeter: os.version=15.6.1
2025-09-11 10:27:37,319 INFO o.a.j.JMeter: file.encoding=UTF-8
2025-09-11 10:27:37,319 INFO o.a.j.JMeter: java.awt.headless=null
2025-09-11 10:27:37,319 INFO o.a.j.JMeter: Max memory     =1073741824
2025-09-11 10:27:37,319 INFO o.a.j.JMeter: Available Processors =10
2025-09-11 10:27:37,325 INFO o.a.j.JMeter: Default Locale=English (EN)
2025-09-11 10:27:37,325 INFO o.a.j.JMeter: JMeter  Locale=English (EN)
2025-09-11 10:27:37,325 INFO o.a.j.JMeter: JMeterHome=/opt/homebrew/Cellar/jmeter/5.6.3/libexec
2025-09-11 10:27:37,325 INFO o.a.j.JMeter: user.dir  =/Users/skyphotography/CODE/WedSync AI
2025-09-11 10:27:37,325 INFO o.a.j.JMeter: PWD       =/Users/skyphotography/CODE/WedSync AI
2025-09-11 10:27:37,327 INFO o.a.j.JMeter: IP: 127.0.0.1 Name: Simons-MacBook-Pro.local FullName: localhost
