INFO  2025-08-27 08:43:25,640 serena.cli:health_check:550 - Starting health check for project: /Users/skyphotography/CODE/WedSync-2.0/WedSync2/wedsync
INFO  2025-08-27 08:43:25,640 serena.cli:health_check:554 - Creating SerenaAgent with disabled dashboard...
INFO  2025-08-27 08:43:25,778 serena.agent:__init__:198 - Starting Serena server (version=0.1.4-8552843d-dirty, process id=18159, parent process id=18154)
INFO  2025-08-27 08:43:25,779 serena.agent:__init__:199 - Configuration file: None
INFO  2025-08-27 08:43:25,779 serena.agent:__init__:200 - Available projects: 
INFO  2025-08-27 08:43:25,779 serena.agent:__init__:201 - Loaded tools (36): read_file, create_text_file, list_dir, find_file, replace_regex, delete_lines, replace_lines, insert_at_line, search_for_pattern, restart_language_server, get_symbols_overview, find_symbol, find_referencing_symbols, replace_symbol_body, insert_after_symbol, insert_before_symbol, write_memory, read_memory, list_memories, delete_memory, execute_shell_command, activate_project, remove_project, switch_modes, get_current_config, check_onboarding_performed, onboarding, think_about_collected_information, think_about_task_adherence, think_about_whether_you_are_done, summarize_changes, prepare_for_new_conversation, initial_instructions, jet_brains_find_symbol, jet_brains_find_referencing_symbols, jet_brains_get_symbols_overview
INFO  2025-08-27 08:43:25,779 serena.config.serena_config:apply:106 - SerenaAgentContext[name='desktop-app'] included 1 tools: switch_modes
INFO  2025-08-27 08:43:25,779 serena.agent:__init__:215 - Number of exposed tools: 25
INFO  2025-08-27 08:43:25,794 serena.agent:_update_active_tools:397 - Active tools (25): activate_project, check_onboarding_performed, create_text_file, delete_memory, execute_shell_command, find_file, find_referencing_symbols, find_symbol, get_symbols_overview, insert_after_symbol, insert_before_symbol, list_dir, list_memories, onboarding, prepare_for_new_conversation, read_file, read_memory, replace_regex, replace_symbol_body, search_for_pattern, switch_modes, think_about_collected_information, think_about_task_adherence, think_about_whether_you_are_done, write_memory
INFO  2025-08-27 08:43:25,796 serena.util.file_system:start:329 - Loading of .gitignore files starting ...
INFO  2025-08-27 08:43:25,796 serena.util.file_system:_load_gitignore_files:143 - Processing .gitignore file: /Users/skyphotography/CODE/WedSync-2.0/WedSync2/wedsync/.gitignore
INFO  2025-08-27 08:43:25,835 serena.util.file_system:stop:336 - Loading of .gitignore files completed in 0.039 seconds
INFO  2025-08-27 08:43:25,836 serena.agent:load_project_from_path_or_name:472 - Added new project wedsync for path /Users/skyphotography/CODE/WedSync-2.0/WedSync2/wedsync
INFO  2025-08-27 08:43:25,836 serena.agent:_activate_project:437 - Activating wedsync at /Users/skyphotography/CODE/WedSync-2.0/WedSync2/wedsync
INFO  2025-08-27 08:43:25,836 serena.agent:_update_active_tools:397 - Active tools (25): activate_project, check_onboarding_performed, create_text_file, delete_memory, execute_shell_command, find_file, find_referencing_symbols, find_symbol, get_symbols_overview, insert_after_symbol, insert_before_symbol, list_dir, list_memories, onboarding, prepare_for_new_conversation, read_file, read_memory, replace_regex, replace_symbol_body, search_for_pattern, switch_modes, think_about_collected_information, think_about_task_adherence, think_about_whether_you_are_done, write_memory
INFO  2025-08-27 08:43:25,836 serena.agent:issue_task:416 - Scheduling Task-1[init_language_server]
INFO  2025-08-27 08:43:25,836 serena.agent:start:329 - Task-1[init_language_server] starting ...
INFO  2025-08-27 08:43:25,836 serena.agent:start:329 - Language server initialization starting ...
INFO  2025-08-27 08:43:25,836 serena.project:create_language_server:288 - Creating language server instance for /Users/skyphotography/CODE/WedSync-2.0/WedSync2/wedsync.
INFO  2025-08-27 08:43:25,836 serena.cli:health_check:557 - SerenaAgent created successfully
INFO  2025-08-27 08:43:25,836 serena.cli:health_check:560 - Searching for analyzable files...
INFO  2025-08-27 08:43:26,161 serena.agent:reset_language_server:589 - Starting the language server for wedsync
INFO  2025-08-27 08:43:26,162 solidlsp:start:1704 - Starting language server with language typescript for /Users/skyphotography/CODE/WedSync-2.0/WedSync2/wedsync
INFO  2025-08-27 08:43:26,163 solidlsp:_start_server:224 - Starting TypeScript server process
INFO  2025-08-27 08:43:26,163 solidlsp.ls_handler:start:189 - Starting language server process via command: ['/Users/skyphotography/.serena/language_servers/static/TypeScriptLanguageServer/ts-lsp/node_modules/.bin/typescript-language-server', '--stdio']
INFO  2025-08-27 08:43:26,167 solidlsp:_start_server:228 - Sending initialize request from LSP client to LSP server and awaiting response
INFO  2025-08-27 08:43:26,183 serena.cli:health_check:569 - Found analyzable file: fix-all-migrations.js
INFO  2025-08-27 08:43:26,183 serena.cli:health_check:587 - Testing GetSymbolsOverviewTool on file: fix-all-migrations.js
INFO  2025-08-27 08:43:26,183 serena.agent:issue_task:416 - Scheduling Task-2[<lambda>]
INFO  2025-08-27 08:43:26,248 solidlsp:window_log_message:207 - LSP: window/logMessage: {"type": 3, "message": "Using Typescript version (workspace) 5.9.2 from path "/Users/skyphotography/CODE/WedSync-2.0/WedSync2/wedsync/node_modules/typescript/lib/tsserver.js""}
INFO  2025-08-27 08:43:27,251 solidlsp:_start_server:246 - Timeout waiting for TypeScript server to become ready, proceeding anyway
INFO  2025-08-27 08:43:27,252 serena.agent:stop:336 - Language server initialization completed in 1.416 seconds
INFO  2025-08-27 08:43:27,252 serena.agent:stop:336 - Task-1[init_language_server] completed in 1.416 seconds
INFO  2025-08-27 08:43:27,252 serena.agent:start:329 - Task-2[<lambda>] starting ...
INFO  2025-08-27 08:43:27,509 serena.agent:stop:336 - Task-2[<lambda>] completed in 0.257 seconds
INFO  2025-08-27 08:43:27,509 serena.cli:health_check:590 - GetSymbolsOverviewTool returned 9 symbols
INFO  2025-08-27 08:43:27,509 serena.cli:health_check:615 - Using symbol for testing: applyMasterMigration (kind: 12)
INFO  2025-08-27 08:43:27,509 serena.cli:health_check:618 - Testing FindSymbolTool for symbol: applyMasterMigration
INFO  2025-08-27 08:43:27,509 serena.agent:issue_task:416 - Scheduling Task-3[<lambda>]
INFO  2025-08-27 08:43:27,510 serena.agent:start:329 - Task-3[<lambda>] starting ...
INFO  2025-08-27 08:43:27,520 serena.agent:stop:336 - Task-3[<lambda>] completed in 0.010 seconds
INFO  2025-08-27 08:43:27,520 serena.cli:health_check:623 - FindSymbolTool found 1 matches for symbol applyMasterMigration
INFO  2025-08-27 08:43:27,520 serena.cli:health_check:626 - Testing FindReferencingSymbolsTool for symbol: applyMasterMigration
INFO  2025-08-27 08:43:27,520 serena.agent:issue_task:416 - Scheduling Task-4[<lambda>]
INFO  2025-08-27 08:43:27,520 serena.agent:start:329 - Task-4[<lambda>] starting ...
INFO  2025-08-27 08:43:28,558 serena.agent:stop:336 - Task-4[<lambda>] completed in 1.038 seconds
INFO  2025-08-27 08:43:28,558 serena.cli:health_check:630 - FindReferencingSymbolsTool found 1 references for symbol applyMasterMigration
INFO  2025-08-27 08:43:28,558 serena.cli:health_check:636 - Testing SearchForPatternTool for pattern: applyMasterMigration
INFO  2025-08-27 08:43:28,558 serena.agent:issue_task:416 - Scheduling Task-5[<lambda>]
INFO  2025-08-27 08:43:28,558 serena.agent:start:329 - Task-5[<lambda>] starting ...
INFO  2025-08-27 08:43:28,815 serena.text_utils:search_files:326 - Processing 2535 files.
INFO  2025-08-27 08:43:29,202 serena.text_utils:search_files:367 - Found 2 total matches across 2535 files
INFO  2025-08-27 08:43:29,202 serena.agent:stop:336 - Task-5[<lambda>] completed in 0.644 seconds
INFO  2025-08-27 08:43:29,202 serena.cli:health_check:643 - SearchForPatternTool found 2 pattern matches for applyMasterMigration
INFO  2025-08-27 08:43:29,202 serena.cli:health_check:657 - Health check completed successfully
